{"contracts/SimpleStorage.sol":{"l":{"21":1,"25":2,"29":0,"30":0},"path":"/media/Feidhmchláir/Courses/FreeCodeCamp/fcc-blockchain-hardhat-solidity-app/contracts/SimpleStorage.sol","s":{"1":1,"2":2,"3":0,"4":0},"b":{},"f":{"1":1,"2":2,"3":0},"fnMap":{"1":{"name":"store","line":20,"loc":{"start":{"line":20,"column":4},"end":{"line":22,"column":4}}},"2":{"name":"retrieve","line":24,"loc":{"start":{"line":24,"column":4},"end":{"line":26,"column":4}}},"3":{"name":"addPerson","line":28,"loc":{"start":{"line":28,"column":4},"end":{"line":31,"column":4}}}},"statementMap":{"1":{"start":{"line":21,"column":8},"end":{"line":21,"column":39}},"2":{"start":{"line":25,"column":8},"end":{"line":25,"column":29}},"3":{"start":{"line":29,"column":8},"end":{"line":29,"column":50}},"4":{"start":{"line":30,"column":8},"end":{"line":30,"column":52}}},"branchMap":{}}}